<?xml version="1.0" encoding="UTF-8"?>
<testng-results ignored="0" total="1" passed="1" failed="0" skipped="0">
  <reporter-output>
  </reporter-output>
  <suite started-at="2023-10-04T20:15:23 IST" name="Default suite" finished-at="2023-10-04T20:15:39 IST" duration-ms="15610">
    <groups>
    </groups>
    <test started-at="2023-10-04T20:15:23 IST" name="Default test" finished-at="2023-10-04T20:15:39 IST" duration-ms="15610">
      <class name="TestNg">
        <test-method is-config="true" signature="setUp()[pri:0, instance:TestNg@173ed316]" started-at="2023-10-04T20:15:23 IST" name="setUp" finished-at="2023-10-04T20:15:27 IST" duration-ms="3639" status="PASS">
          <reporter-output>
          </reporter-output>
        </test-method> <!-- setUp -->
        <test-method signature="performAmazonShopping()[pri:0, instance:TestNg@173ed316]" started-at="2023-10-04T20:15:27 IST" name="performAmazonShopping" finished-at="2023-10-04T20:15:37 IST" duration-ms="10336" status="PASS">
          <reporter-output>
          </reporter-output>
        </test-method> <!-- performAmazonShopping -->
        <test-method is-config="true" signature="tearDown()[pri:0, instance:TestNg@173ed316]" started-at="2023-10-04T20:15:37 IST" name="tearDown" finished-at="2023-10-04T20:15:39 IST" duration-ms="1580" status="PASS">
          <reporter-output>
          </reporter-output>
        </test-method> <!-- tearDown -->
      </class> <!-- TestNg -->
    </test> <!-- Default test -->
  </suite> <!-- Default suite -->
</testng-results>
